c:\scratch\csc8503 2019 download\csc8503\csc8503common\debug\csc8503common.pdb
c:\scratch\csc8503 2019 download\csc8503\csc8503common\debug\csc8503common.idb
c:\scratch\csc8503 2019 download\csc8503\csc8503common\debug\pushdownstate.obj
c:\scratch\csc8503 2019 download\csc8503\csc8503common\debug\pushdownmachine.obj
c:\scratch\csc8503 2019 download\csc8503\csc8503common\debug\networkstate.obj
c:\scratch\csc8503 2019 download\csc8503\csc8503common\debug\networkbase.obj
c:\scratch\csc8503 2019 download\csc8503\csc8503common\debug\navigationmesh.obj
c:\scratch\csc8503 2019 download\csc8503\csc8503common\debug\navigationgrid.obj
c:\scratch\csc8503 2019 download\csc8503\csc8503common\debug\gameclient.obj
c:\scratch\csc8503 2019 download\csc8503\csc8503common\debug\debug.obj
c:\scratch\csc8503 2019 download\csc8503\csc8503common\debug\boundingvolume.obj
c:\scratch\csc8503 2019 download\csc8503\csc8503common\debug\boundingsphere.obj
c:\scratch\csc8503 2019 download\csc8503\csc8503common\debug\boundingoobb.obj
c:\scratch\csc8503 2019 download\csc8503\csc8503common\debug\boundingaabb.obj
c:\scratch\csc8503 2019 download\csc8503\csc8503common\debug\transform.obj
c:\scratch\csc8503 2019 download\csc8503\csc8503common\debug\statetransition.obj
c:\scratch\csc8503 2019 download\csc8503\csc8503common\debug\statemachine.obj
c:\scratch\csc8503 2019 download\csc8503\csc8503common\debug\renderobject.obj
c:\scratch\csc8503 2019 download\csc8503\csc8503common\debug\quadtree.obj
c:\scratch\csc8503 2019 download\csc8503\csc8503common\debug\positionconstraint.obj
c:\scratch\csc8503 2019 download\csc8503\csc8503common\debug\physicssystem.obj
c:\scratch\csc8503 2019 download\csc8503\csc8503common\debug\physicsobject.obj
c:\scratch\csc8503 2019 download\csc8503\csc8503common\debug\networkobject.obj
c:\scratch\csc8503 2019 download\csc8503\csc8503common\debug\gameworld.obj
c:\scratch\csc8503 2019 download\csc8503\csc8503common\debug\gameserver.obj
c:\scratch\csc8503 2019 download\csc8503\csc8503common\debug\gameobject.obj
c:\scratch\csc8503 2019 download\csc8503\csc8503common\debug\collisiondetection.obj
c:\users\b6038386\documents\github\game_tech\csc8503\csc8503common\debug\csc8503common.pdb
c:\users\b6038386\documents\github\game_tech\csc8503\csc8503common\debug\csc8503common.idb
c:\users\b6038386\documents\github\game_tech\csc8503\csc8503common\debug\pushdownstate.obj
c:\users\b6038386\documents\github\game_tech\csc8503\csc8503common\debug\pushdownmachine.obj
c:\users\b6038386\documents\github\game_tech\csc8503\csc8503common\debug\networkbase.obj
c:\users\b6038386\documents\github\game_tech\csc8503\csc8503common\debug\gameclient.obj
c:\users\b6038386\documents\github\game_tech\csc8503\csc8503common\debug\statetransition.obj
c:\users\b6038386\documents\github\game_tech\csc8503\csc8503common\debug\statemachine.obj
c:\users\b6038386\documents\github\game_tech\csc8503\csc8503common\debug\positionconstraint.obj
c:\users\b6038386\documents\github\game_tech\csc8503\csc8503common\debug\networkstate.obj
c:\users\b6038386\documents\github\game_tech\csc8503\csc8503common\debug\networkobject.obj
c:\users\b6038386\documents\github\game_tech\csc8503\csc8503common\debug\navigationmesh.obj
c:\users\b6038386\documents\github\game_tech\csc8503\csc8503common\debug\navigationgrid.obj
c:\users\b6038386\documents\github\game_tech\csc8503\csc8503common\debug\gameobject.obj
c:\users\b6038386\documents\github\game_tech\csc8503\csc8503common\debug\debug.obj
c:\users\b6038386\documents\github\game_tech\csc8503\csc8503common\debug\collisiondetection.obj
c:\users\b6038386\documents\github\game_tech\csc8503\csc8503common\debug\boundingvolume.obj
c:\users\b6038386\documents\github\game_tech\csc8503\csc8503common\debug\boundingsphere.obj
c:\users\b6038386\documents\github\game_tech\csc8503\csc8503common\debug\boundingoobb.obj
c:\users\b6038386\documents\github\game_tech\csc8503\csc8503common\debug\boundingaabb.obj
c:\users\b6038386\documents\github\game_tech\csc8503\csc8503common\debug\transform.obj
c:\users\b6038386\documents\github\game_tech\csc8503\csc8503common\debug\renderobject.obj
c:\users\b6038386\documents\github\game_tech\csc8503\csc8503common\debug\quadtree.obj
c:\scratch\csc8503 2019 download\win32\debug\csc8503common.lib
c:\users\b6038386\documents\github\game_tech\csc8503\csc8503common\debug\gameserver.obj
c:\users\b6038386\documents\github\game_tech\csc8503\csc8503common\debug\gameworld.obj
c:\users\b6038386\documents\github\game_tech\csc8503\csc8503common\debug\physicsobject.obj
c:\users\b6038386\documents\github\game_tech\csc8503\csc8503common\debug\physicssystem.obj
c:\users\b6038386\documents\github\game_tech\win32\debug\csc8503common.pdb
c:\users\b6038386\documents\github\game_tech\win32\debug\csc8503common.lib
c:\users\b6038386\documents\github\game_tech\csc8503\csc8503common\debug\csc8503common.tlog\cl.command.1.tlog
c:\users\b6038386\documents\github\game_tech\csc8503\csc8503common\debug\csc8503common.tlog\cl.read.1.tlog
c:\users\b6038386\documents\github\game_tech\csc8503\csc8503common\debug\csc8503common.tlog\cl.write.1.tlog
c:\users\b6038386\documents\github\game_tech\csc8503\csc8503common\debug\csc8503common.tlog\lib-link.read.1.tlog
c:\users\b6038386\documents\github\game_tech\csc8503\csc8503common\debug\csc8503common.tlog\lib-link.write.1.tlog
c:\users\b6038386\documents\github\game_tech\csc8503\csc8503common\debug\csc8503common.tlog\lib.command.1.tlog
