c:\scratch\csc8503 2019 download\csc8503\gametech\debug\vc142.pdb
c:\scratch\csc8503 2019 download\csc8503\gametech\debug\vc142.idb
c:\scratch\csc8503 2019 download\csc8503\gametech\debug\tutorialgame.obj
c:\scratch\csc8503 2019 download\csc8503\gametech\debug\networkplayer.obj
c:\scratch\csc8503 2019 download\csc8503\gametech\debug\networkedgame.obj
c:\scratch\csc8503 2019 download\csc8503\gametech\debug\main.obj
c:\scratch\csc8503 2019 download\csc8503\gametech\debug\gametechrenderer.obj
c:\scratch\csc8503 2019 download\win32\debug\gametech.ilk
c:\scratch\csc8503 2019 download\win32\debug\gametech.exe
c:\scratch\csc8503 2019 download\win32\debug\gametech.pdb
c:\users\b6038386\documents\github\game_tech\csc8503\gametech\debug\collectable.obj
c:\users\b6038386\documents\github\game_tech\csc8503\gametech\debug\enemy.obj
c:\users\b6038386\documents\github\game_tech\csc8503\gametech\debug\enemychasesuperstate.obj
c:\users\b6038386\documents\github\game_tech\csc8503\gametech\debug\enemypatrolsuperstate.obj
c:\users\b6038386\documents\github\game_tech\csc8503\gametech\debug\gametechrenderer.obj
c:\users\b6038386\documents\github\game_tech\csc8503\gametech\debug\main.obj
c:\users\b6038386\documents\github\game_tech\csc8503\gametech\debug\networkedgame.obj
c:\users\b6038386\documents\github\game_tech\csc8503\gametech\debug\networkplayer.obj
c:\users\b6038386\documents\github\game_tech\csc8503\gametech\debug\player.obj
c:\users\b6038386\documents\github\game_tech\csc8503\gametech\debug\tutorialgame.obj
c:\users\b6038386\documents\github\game_tech\csc8503\gametech\debug\vc142.idb
c:\users\b6038386\documents\github\game_tech\csc8503\gametech\debug\vc142.pdb
c:\users\b6038386\documents\github\game_tech\win32\debug\gametech.pdb
c:\users\b6038386\documents\github\game_tech\win32\debug\gametech.exe
c:\users\b6038386\documents\github\game_tech\win32\debug\gametech.ilk
c:\users\b6038386\documents\github\game_tech\csc8503\gametech\debug\gametech.tlog\cl.command.1.tlog
c:\users\b6038386\documents\github\game_tech\csc8503\gametech\debug\gametech.tlog\cl.read.1.tlog
c:\users\b6038386\documents\github\game_tech\csc8503\gametech\debug\gametech.tlog\cl.write.1.tlog
c:\users\b6038386\documents\github\game_tech\csc8503\gametech\debug\gametech.tlog\link.command.1.tlog
c:\users\b6038386\documents\github\game_tech\csc8503\gametech\debug\gametech.tlog\link.read.1.tlog
c:\users\b6038386\documents\github\game_tech\csc8503\gametech\debug\gametech.tlog\link.write.1.tlog
