c:\scratch\csc8503 2019 download\plugins\openglrendering\debug\openglrendering.pdb
c:\scratch\csc8503 2019 download\plugins\openglrendering\debug\openglrendering.idb
c:\scratch\csc8503 2019 download\plugins\openglrendering\debug\glad.obj
c:\scratch\csc8503 2019 download\plugins\openglrendering\debug\ogltexture.obj
c:\scratch\csc8503 2019 download\plugins\openglrendering\debug\oglshader.obj
c:\scratch\csc8503 2019 download\plugins\openglrendering\debug\oglrenderer.obj
c:\scratch\csc8503 2019 download\plugins\openglrendering\debug\oglmesh.obj
c:\scratch\csc8503 2019 download\plugins\openglrendering\debug\oglcomputeshader.obj
c:\users\b6038386\documents\github\game_tech\plugins\openglrendering\debug\openglrendering.pdb
c:\users\b6038386\documents\github\game_tech\plugins\openglrendering\debug\openglrendering.idb
c:\users\b6038386\documents\github\game_tech\plugins\openglrendering\debug\glad.obj
c:\users\b6038386\documents\github\game_tech\plugins\openglrendering\debug\oglshader.obj
c:\users\b6038386\documents\github\game_tech\plugins\openglrendering\debug\oglcomputeshader.obj
c:\users\b6038386\documents\github\game_tech\plugins\openglrendering\debug\ogltexture.obj
c:\users\b6038386\documents\github\game_tech\plugins\openglrendering\debug\oglrenderer.obj
c:\users\b6038386\documents\github\game_tech\plugins\openglrendering\debug\oglmesh.obj
c:\scratch\csc8503 2019 download\win32\debug\openglrendering.lib
c:\users\b6038386\documents\github\game_tech\win32\debug\openglrendering.lib
c:\users\b6038386\documents\github\game_tech\win32\debug\openglrendering.pdb
c:\users\b6038386\documents\github\game_tech\plugins\openglrendering\debug\openglrendering.tlog\cl.command.1.tlog
c:\users\b6038386\documents\github\game_tech\plugins\openglrendering\debug\openglrendering.tlog\cl.read.1.tlog
c:\users\b6038386\documents\github\game_tech\plugins\openglrendering\debug\openglrendering.tlog\cl.write.1.tlog
c:\users\b6038386\documents\github\game_tech\plugins\openglrendering\debug\openglrendering.tlog\lib-link.read.1.tlog
c:\users\b6038386\documents\github\game_tech\plugins\openglrendering\debug\openglrendering.tlog\lib-link.write.1.tlog
c:\users\b6038386\documents\github\game_tech\plugins\openglrendering\debug\openglrendering.tlog\lib.command.1.tlog
